<?xml version="1.0" encoding="UTF-8"?>
<testsuite name="com.team13.fantree.entity.UserTest" tests="6" skipped="0" failures="0" errors="0" timestamp="2024-06-16T14:40:21" hostname="t2023-m0001s-MacBook-Air.local" time="0.047">
  <properties/>
  <testcase name="User Create Success" classname="com.team13.fantree.entity.UserTest" time="0.033"/>
  <testcase name="User WithDraw Success (User -&gt; NON_USER)" classname="com.team13.fantree.entity.UserTest" time="0.002"/>
  <testcase name="User Logout Success" classname="com.team13.fantree.entity.UserTest" time="0.001"/>
  <testcase name="User Update Success" classname="com.team13.fantree.entity.UserTest" time="0.0"/>
  <testcase name="User UserStatusUpdate Success (NOAUTH_USER -&gt; USER)" classname="com.team13.fantree.entity.UserTest" time="0.002"/>
  <testcase name="SaveRefreshToken Success" classname="com.team13.fantree.entity.UserTest" time="0.002"/>
  <system-out><![CDATA[]]></system-out>
  <system-err><![CDATA[]]></system-err>
</testsuite>
